[  1%] Built target distance_warning__rs
[  3%] Built target distance_warning__cpp
[ 10%] Built target distance_warning__rosidl_generator_c
[ 13%] Built target distance_publisher
[ 13%] Built target ament_cmake_python_copy_distance_warning
[ 17%] Built target distance_listener
[ 20%] Built target distance_tf_broadcaster
[ 24%] Built target distance_publisher_qos
[ 27%] Built target distance_listener_qos
[ 34%] Built target distance_warning__rosidl_typesupport_fastrtps_c
[ 41%] Built target distance_warning__rosidl_typesupport_fastrtps_cpp
[ 50%] Built target distance_warning__rosidl_typesupport_introspection_c
[ 55%] Built target distance_warning__rosidl_typesupport_c
[ 62%] Built target distance_warning__rosidl_typesupport_introspection_cpp
[ 68%] Built target distance_warning__rosidl_typesupport_cpp
[ 68%] Built target distance_warning
[ 70%] Built target distance_warning__py
[ 74%] Built target set_threshold_service
[ 77%] Built target distance_action_server
[ 81%] Built target distance_action_client
[ 86%] Built target distance_warning__rosidl_generator_py
[ 89%] Built target distance_tf_listener
[ 93%] Built target distance_warning__rosidl_typesupport_fastrtps_c__pyext
[ 96%] Built target distance_warning__rosidl_typesupport_introspection_c__pyext
[100%] Built target distance_warning__rosidl_typesupport_c__pyext
running egg_info
writing distance_warning.egg-info/PKG-INFO
writing dependency_links to distance_warning.egg-info/dependency_links.txt
writing top-level names to distance_warning.egg-info/top_level.txt
reading manifest file 'distance_warning.egg-info/SOURCES.txt'
writing manifest file 'distance_warning.egg-info/SOURCES.txt'
[100%] Built target ament_cmake_python_build_distance_warning_egg
-- Install configuration: ""
-- Up-to-date: /home/evice2457/ros2_ws/src/distance_warning/install/distance_warning/share/ament_index/resource_index/rosidl_interfaces/distance_warning
-- Up-to-date: /home/evice2457/ros2_ws/src/distance_warning/install/distance_warning/include/distance_warning/distance_warning
-- Up-to-date: /home/evice2457/ros2_ws/src/distance_warning/install/distance_warning/include/distance_warning/distance_warning/srv
-- Up-to-date: /home/evice2457/ros2_ws/src/distance_warning/install/distance_warning/include/distance_warning/distance_warning/srv/detail
-- Up-to-date: /home/evice2457/ros2_ws/src/distance_warning/install/distance_warning/include/distance_warning/distance_warning/srv/detail/set_threshold__functions.h
-- Up-to-date: /home/evice2457/ros2_ws/src/distance_warning/install/distance_warning/include/distance_warning/distance_warning/srv/detail/set_threshold__type_support.h
-- Up-to-date: /home/evice2457/ros2_ws/src/distance_warning/install/distance_warning/include/distance_warning/distance_warning/srv/detail/set_threshold__struct.h
-- Up-to-date: /home/evice2457/ros2_ws/src/distance_warning/install/distance_warning/include/distance_warning/distance_warning/srv/detail/set_threshold__functions.c
-- Up-to-date: /home/evice2457/ros2_ws/src/distance_warning/install/distance_warning/include/distance_warning/distance_warning/srv/set_threshold.h
-- Up-to-date: /home/evice2457/ros2_ws/src/distance_warning/install/distance_warning/include/distance_warning/distance_warning/msg
-- Up-to-date: /home/evice2457/ros2_ws/src/distance_warning/install/distance_warning/include/distance_warning/distance_warning/msg/rosidl_generator_c__visibility_control.h
-- Up-to-date: /home/evice2457/ros2_ws/src/distance_warning/install/distance_warning/include/distance_warning/distance_warning/action
-- Up-to-date: /home/evice2457/ros2_ws/src/distance_warning/install/distance_warning/include/distance_warning/distance_warning/action/detail
-- Up-to-date: /home/evice2457/ros2_ws/src/distance_warning/install/distance_warning/include/distance_warning/distance_warning/action/detail/check_distance__type_support.h
-- Up-to-date: /home/evice2457/ros2_ws/src/distance_warning/install/distance_warning/include/distance_warning/distance_warning/action/detail/check_distance__functions.h
-- Up-to-date: /home/evice2457/ros2_ws/src/distance_warning/install/distance_warning/include/distance_warning/distance_warning/action/detail/check_distance__struct.h
-- Up-to-date: /home/evice2457/ros2_ws/src/distance_warning/install/distance_warning/include/distance_warning/distance_warning/action/detail/check_distance__functions.c
-- Up-to-date: /home/evice2457/ros2_ws/src/distance_warning/install/distance_warning/include/distance_warning/distance_warning/action/check_distance.h
-- Up-to-date: /home/evice2457/ros2_ws/src/distance_warning/install/distance_warning/share/distance_warning/environment/library_path.sh
-- Up-to-date: /home/evice2457/ros2_ws/src/distance_warning/install/distance_warning/share/distance_warning/environment/library_path.dsv
-- Up-to-date: /home/evice2457/ros2_ws/src/distance_warning/install/distance_warning/lib/libdistance_warning__rosidl_generator_c.so
-- Up-to-date: /home/evice2457/ros2_ws/src/distance_warning/install/distance_warning/include/distance_warning/distance_warning
-- Up-to-date: /home/evice2457/ros2_ws/src/distance_warning/install/distance_warning/include/distance_warning/distance_warning/srv
-- Up-to-date: /home/evice2457/ros2_ws/src/distance_warning/install/distance_warning/include/distance_warning/distance_warning/srv/detail
-- Up-to-date: /home/evice2457/ros2_ws/src/distance_warning/install/distance_warning/include/distance_warning/distance_warning/srv/detail/set_threshold__rosidl_typesupport_fastrtps_c.h
-- Up-to-date: /home/evice2457/ros2_ws/src/distance_warning/install/distance_warning/include/distance_warning/distance_warning/msg
-- Up-to-date: /home/evice2457/ros2_ws/src/distance_warning/install/distance_warning/include/distance_warning/distance_warning/msg/rosidl_typesupport_fastrtps_c__visibility_control.h
-- Up-to-date: /home/evice2457/ros2_ws/src/distance_warning/install/distance_warning/include/distance_warning/distance_warning/action
-- Up-to-date: /home/evice2457/ros2_ws/src/distance_warning/install/distance_warning/include/distance_warning/distance_warning/action/detail
-- Up-to-date: /home/evice2457/ros2_ws/src/distance_warning/install/distance_warning/include/distance_warning/distance_warning/action/detail/check_distance__rosidl_typesupport_fastrtps_c.h
-- Up-to-date: /home/evice2457/ros2_ws/src/distance_warning/install/distance_warning/lib/libdistance_warning__rosidl_typesupport_fastrtps_c.so
-- Up-to-date: /home/evice2457/ros2_ws/src/distance_warning/install/distance_warning/include/distance_warning/distance_warning
-- Up-to-date: /home/evice2457/ros2_ws/src/distance_warning/install/distance_warning/include/distance_warning/distance_warning/srv
-- Up-to-date: /home/evice2457/ros2_ws/src/distance_warning/install/distance_warning/include/distance_warning/distance_warning/srv/detail
-- Up-to-date: /home/evice2457/ros2_ws/src/distance_warning/install/distance_warning/include/distance_warning/distance_warning/srv/detail/set_threshold__builder.hpp
-- Up-to-date: /home/evice2457/ros2_ws/src/distance_warning/install/distance_warning/include/distance_warning/distance_warning/srv/detail/set_threshold__type_support.hpp
-- Up-to-date: /home/evice2457/ros2_ws/src/distance_warning/install/distance_warning/include/distance_warning/distance_warning/srv/detail/set_threshold__struct.hpp
-- Up-to-date: /home/evice2457/ros2_ws/src/distance_warning/install/distance_warning/include/distance_warning/distance_warning/srv/detail/set_threshold__traits.hpp
-- Up-to-date: /home/evice2457/ros2_ws/src/distance_warning/install/distance_warning/include/distance_warning/distance_warning/srv/set_threshold.hpp
-- Up-to-date: /home/evice2457/ros2_ws/src/distance_warning/install/distance_warning/include/distance_warning/distance_warning/msg
-- Up-to-date: /home/evice2457/ros2_ws/src/distance_warning/install/distance_warning/include/distance_warning/distance_warning/msg/rosidl_generator_cpp__visibility_control.hpp
-- Up-to-date: /home/evice2457/ros2_ws/src/distance_warning/install/distance_warning/include/distance_warning/distance_warning/action
-- Up-to-date: /home/evice2457/ros2_ws/src/distance_warning/install/distance_warning/include/distance_warning/distance_warning/action/detail
-- Up-to-date: /home/evice2457/ros2_ws/src/distance_warning/install/distance_warning/include/distance_warning/distance_warning/action/detail/check_distance__builder.hpp
-- Up-to-date: /home/evice2457/ros2_ws/src/distance_warning/install/distance_warning/include/distance_warning/distance_warning/action/detail/check_distance__traits.hpp
-- Up-to-date: /home/evice2457/ros2_ws/src/distance_warning/install/distance_warning/include/distance_warning/distance_warning/action/detail/check_distance__struct.hpp
-- Up-to-date: /home/evice2457/ros2_ws/src/distance_warning/install/distance_warning/include/distance_warning/distance_warning/action/detail/check_distance__type_support.hpp
-- Up-to-date: /home/evice2457/ros2_ws/src/distance_warning/install/distance_warning/include/distance_warning/distance_warning/action/check_distance.hpp
-- Up-to-date: /home/evice2457/ros2_ws/src/distance_warning/install/distance_warning/include/distance_warning/distance_warning
-- Up-to-date: /home/evice2457/ros2_ws/src/distance_warning/install/distance_warning/include/distance_warning/distance_warning/srv
-- Up-to-date: /home/evice2457/ros2_ws/src/distance_warning/install/distance_warning/include/distance_warning/distance_warning/srv/detail
-- Up-to-date: /home/evice2457/ros2_ws/src/distance_warning/install/distance_warning/include/distance_warning/distance_warning/srv/detail/set_threshold__rosidl_typesupport_fastrtps_cpp.hpp
-- Up-to-date: /home/evice2457/ros2_ws/src/distance_warning/install/distance_warning/include/distance_warning/distance_warning/srv/detail/dds_fastrtps
-- Up-to-date: /home/evice2457/ros2_ws/src/distance_warning/install/distance_warning/include/distance_warning/distance_warning/msg
-- Up-to-date: /home/evice2457/ros2_ws/src/distance_warning/install/distance_warning/include/distance_warning/distance_warning/msg/rosidl_typesupport_fastrtps_cpp__visibility_control.h
-- Up-to-date: /home/evice2457/ros2_ws/src/distance_warning/install/distance_warning/include/distance_warning/distance_warning/action
-- Up-to-date: /home/evice2457/ros2_ws/src/distance_warning/install/distance_warning/include/distance_warning/distance_warning/action/detail
-- Up-to-date: /home/evice2457/ros2_ws/src/distance_warning/install/distance_warning/include/distance_warning/distance_warning/action/detail/check_distance__rosidl_typesupport_fastrtps_cpp.hpp
-- Up-to-date: /home/evice2457/ros2_ws/src/distance_warning/install/distance_warning/include/distance_warning/distance_warning/action/detail/dds_fastrtps
-- Up-to-date: /home/evice2457/ros2_ws/src/distance_warning/install/distance_warning/lib/libdistance_warning__rosidl_typesupport_fastrtps_cpp.so
-- Up-to-date: /home/evice2457/ros2_ws/src/distance_warning/install/distance_warning/include/distance_warning/distance_warning
-- Up-to-date: /home/evice2457/ros2_ws/src/distance_warning/install/distance_warning/include/distance_warning/distance_warning/srv
-- Up-to-date: /home/evice2457/ros2_ws/src/distance_warning/install/distance_warning/include/distance_warning/distance_warning/srv/detail
-- Up-to-date: /home/evice2457/ros2_ws/src/distance_warning/install/distance_warning/include/distance_warning/distance_warning/srv/detail/set_threshold__rosidl_typesupport_introspection_c.h
-- Up-to-date: /home/evice2457/ros2_ws/src/distance_warning/install/distance_warning/include/distance_warning/distance_warning/srv/detail/set_threshold__type_support.c
-- Up-to-date: /home/evice2457/ros2_ws/src/distance_warning/install/distance_warning/include/distance_warning/distance_warning/msg
-- Up-to-date: /home/evice2457/ros2_ws/src/distance_warning/install/distance_warning/include/distance_warning/distance_warning/msg/rosidl_typesupport_introspection_c__visibility_control.h
-- Up-to-date: /home/evice2457/ros2_ws/src/distance_warning/install/distance_warning/include/distance_warning/distance_warning/action
-- Up-to-date: /home/evice2457/ros2_ws/src/distance_warning/install/distance_warning/include/distance_warning/distance_warning/action/detail
-- Up-to-date: /home/evice2457/ros2_ws/src/distance_warning/install/distance_warning/include/distance_warning/distance_warning/action/detail/check_distance__rosidl_typesupport_introspection_c.h
-- Up-to-date: /home/evice2457/ros2_ws/src/distance_warning/install/distance_warning/include/distance_warning/distance_warning/action/detail/check_distance__type_support.c
-- Up-to-date: /home/evice2457/ros2_ws/src/distance_warning/install/distance_warning/lib/libdistance_warning__rosidl_typesupport_introspection_c.so
-- Up-to-date: /home/evice2457/ros2_ws/src/distance_warning/install/distance_warning/lib/libdistance_warning__rosidl_typesupport_c.so
-- Up-to-date: /home/evice2457/ros2_ws/src/distance_warning/install/distance_warning/include/distance_warning/distance_warning
-- Up-to-date: /home/evice2457/ros2_ws/src/distance_warning/install/distance_warning/include/distance_warning/distance_warning/srv
-- Up-to-date: /home/evice2457/ros2_ws/src/distance_warning/install/distance_warning/include/distance_warning/distance_warning/srv/detail
-- Up-to-date: /home/evice2457/ros2_ws/src/distance_warning/install/distance_warning/include/distance_warning/distance_warning/srv/detail/set_threshold__type_support.cpp
-- Up-to-date: /home/evice2457/ros2_ws/src/distance_warning/install/distance_warning/include/distance_warning/distance_warning/srv/detail/set_threshold__rosidl_typesupport_introspection_cpp.hpp
-- Up-to-date: /home/evice2457/ros2_ws/src/distance_warning/install/distance_warning/include/distance_warning/distance_warning/action
-- Up-to-date: /home/evice2457/ros2_ws/src/distance_warning/install/distance_warning/include/distance_warning/distance_warning/action/detail
-- Up-to-date: /home/evice2457/ros2_ws/src/distance_warning/install/distance_warning/include/distance_warning/distance_warning/action/detail/check_distance__type_support.cpp
-- Up-to-date: /home/evice2457/ros2_ws/src/distance_warning/install/distance_warning/include/distance_warning/distance_warning/action/detail/check_distance__rosidl_typesupport_introspection_cpp.hpp
-- Up-to-date: /home/evice2457/ros2_ws/src/distance_warning/install/distance_warning/lib/libdistance_warning__rosidl_typesupport_introspection_cpp.so
-- Up-to-date: /home/evice2457/ros2_ws/src/distance_warning/install/distance_warning/lib/libdistance_warning__rosidl_typesupport_cpp.so
-- Up-to-date: /home/evice2457/ros2_ws/src/distance_warning/install/distance_warning/share/distance_warning/environment/pythonpath.sh
-- Up-to-date: /home/evice2457/ros2_ws/src/distance_warning/install/distance_warning/share/distance_warning/environment/pythonpath.dsv
-- Up-to-date: /home/evice2457/ros2_ws/src/distance_warning/install/distance_warning/local/lib/python3.10/dist-packages/distance_warning-0.0.0-py3.10.egg-info
-- Installing: /home/evice2457/ros2_ws/src/distance_warning/install/distance_warning/local/lib/python3.10/dist-packages/distance_warning-0.0.0-py3.10.egg-info/PKG-INFO
-- Installing: /home/evice2457/ros2_ws/src/distance_warning/install/distance_warning/local/lib/python3.10/dist-packages/distance_warning-0.0.0-py3.10.egg-info/SOURCES.txt
-- Installing: /home/evice2457/ros2_ws/src/distance_warning/install/distance_warning/local/lib/python3.10/dist-packages/distance_warning-0.0.0-py3.10.egg-info/top_level.txt
-- Installing: /home/evice2457/ros2_ws/src/distance_warning/install/distance_warning/local/lib/python3.10/dist-packages/distance_warning-0.0.0-py3.10.egg-info/dependency_links.txt
-- Up-to-date: /home/evice2457/ros2_ws/src/distance_warning/install/distance_warning/local/lib/python3.10/dist-packages/distance_warning
-- Up-to-date: /home/evice2457/ros2_ws/src/distance_warning/install/distance_warning/local/lib/python3.10/dist-packages/distance_warning/_distance_warning_s.ep.rosidl_typesupport_introspection_c.c
-- Up-to-date: /home/evice2457/ros2_ws/src/distance_warning/install/distance_warning/local/lib/python3.10/dist-packages/distance_warning/_distance_warning_s.ep.rosidl_typesupport_fastrtps_c.c
-- Up-to-date: /home/evice2457/ros2_ws/src/distance_warning/install/distance_warning/local/lib/python3.10/dist-packages/distance_warning/distance_warning_s__rosidl_typesupport_introspection_c.cpython-310-aarch64-linux-gnu.so
-- Up-to-date: /home/evice2457/ros2_ws/src/distance_warning/install/distance_warning/local/lib/python3.10/dist-packages/distance_warning/libdistance_warning__rosidl_generator_py.so
-- Up-to-date: /home/evice2457/ros2_ws/src/distance_warning/install/distance_warning/local/lib/python3.10/dist-packages/distance_warning/srv
-- Up-to-date: /home/evice2457/ros2_ws/src/distance_warning/install/distance_warning/local/lib/python3.10/dist-packages/distance_warning/srv/__init__.py
-- Up-to-date: /home/evice2457/ros2_ws/src/distance_warning/install/distance_warning/local/lib/python3.10/dist-packages/distance_warning/srv/_set_threshold_s.c
-- Up-to-date: /home/evice2457/ros2_ws/src/distance_warning/install/distance_warning/local/lib/python3.10/dist-packages/distance_warning/srv/_set_threshold.py
-- Up-to-date: /home/evice2457/ros2_ws/src/distance_warning/install/distance_warning/local/lib/python3.10/dist-packages/distance_warning/_distance_warning_s.ep.rosidl_typesupport_c.c
-- Up-to-date: /home/evice2457/ros2_ws/src/distance_warning/install/distance_warning/local/lib/python3.10/dist-packages/distance_warning/__init__.py
-- Up-to-date: /home/evice2457/ros2_ws/src/distance_warning/install/distance_warning/local/lib/python3.10/dist-packages/distance_warning/distance_warning_s__rosidl_typesupport_fastrtps_c.cpython-310-aarch64-linux-gnu.so
-- Up-to-date: /home/evice2457/ros2_ws/src/distance_warning/install/distance_warning/local/lib/python3.10/dist-packages/distance_warning/distance_warning_s__rosidl_typesupport_c.cpython-310-aarch64-linux-gnu.so
-- Up-to-date: /home/evice2457/ros2_ws/src/distance_warning/install/distance_warning/local/lib/python3.10/dist-packages/distance_warning/action
-- Up-to-date: /home/evice2457/ros2_ws/src/distance_warning/install/distance_warning/local/lib/python3.10/dist-packages/distance_warning/action/_check_distance.py
-- Up-to-date: /home/evice2457/ros2_ws/src/distance_warning/install/distance_warning/local/lib/python3.10/dist-packages/distance_warning/action/__init__.py
-- Up-to-date: /home/evice2457/ros2_ws/src/distance_warning/install/distance_warning/local/lib/python3.10/dist-packages/distance_warning/action/_check_distance_s.c
Listing '/home/evice2457/ros2_ws/src/distance_warning/install/distance_warning/local/lib/python3.10/dist-packages/distance_warning'...
Listing '/home/evice2457/ros2_ws/src/distance_warning/install/distance_warning/local/lib/python3.10/dist-packages/distance_warning/action'...
Listing '/home/evice2457/ros2_ws/src/distance_warning/install/distance_warning/local/lib/python3.10/dist-packages/distance_warning/srv'...
-- Up-to-date: /home/evice2457/ros2_ws/src/distance_warning/install/distance_warning/local/lib/python3.10/dist-packages/distance_warning/distance_warning_s__rosidl_typesupport_fastrtps_c.cpython-310-aarch64-linux-gnu.so
-- Up-to-date: /home/evice2457/ros2_ws/src/distance_warning/install/distance_warning/local/lib/python3.10/dist-packages/distance_warning/distance_warning_s__rosidl_typesupport_introspection_c.cpython-310-aarch64-linux-gnu.so
-- Up-to-date: /home/evice2457/ros2_ws/src/distance_warning/install/distance_warning/local/lib/python3.10/dist-packages/distance_warning/distance_warning_s__rosidl_typesupport_c.cpython-310-aarch64-linux-gnu.so
-- Up-to-date: /home/evice2457/ros2_ws/src/distance_warning/install/distance_warning/lib/libdistance_warning__rosidl_generator_py.so
-- Up-to-date: /home/evice2457/ros2_ws/src/distance_warning/install/distance_warning/share/ament_index/resource_index/rust_packages/distance_warning
-- Up-to-date: /home/evice2457/ros2_ws/src/distance_warning/install/distance_warning/share/distance_warning/rust
-- Up-to-date: /home/evice2457/ros2_ws/src/distance_warning/install/distance_warning/share/distance_warning/rust/Cargo.toml
-- Up-to-date: /home/evice2457/ros2_ws/src/distance_warning/install/distance_warning/share/distance_warning/rust/build.rs
-- Up-to-date: /home/evice2457/ros2_ws/src/distance_warning/install/distance_warning/share/distance_warning/rust/src
-- Up-to-date: /home/evice2457/ros2_ws/src/distance_warning/install/distance_warning/share/distance_warning/rust/src/srv
-- Up-to-date: /home/evice2457/ros2_ws/src/distance_warning/install/distance_warning/share/distance_warning/rust/src/srv/rmw.rs
-- Up-to-date: /home/evice2457/ros2_ws/src/distance_warning/install/distance_warning/share/distance_warning/rust/src/srv.rs
-- Up-to-date: /home/evice2457/ros2_ws/src/distance_warning/install/distance_warning/share/distance_warning/rust/src/action.rs
-- Up-to-date: /home/evice2457/ros2_ws/src/distance_warning/install/distance_warning/share/distance_warning/rust/src/lib.rs
-- Up-to-date: /home/evice2457/ros2_ws/src/distance_warning/install/distance_warning/share/distance_warning/rust/src/action
-- Up-to-date: /home/evice2457/ros2_ws/src/distance_warning/install/distance_warning/share/distance_warning/rust/src/action/rmw.rs
-- Up-to-date: /home/evice2457/ros2_ws/src/distance_warning/install/distance_warning/share/distance_warning/srv/SetThreshold.idl
-- Up-to-date: /home/evice2457/ros2_ws/src/distance_warning/install/distance_warning/share/distance_warning/action/CheckDistance.idl
-- Up-to-date: /home/evice2457/ros2_ws/src/distance_warning/install/distance_warning/share/distance_warning/srv/SetThreshold.srv
-- Up-to-date: /home/evice2457/ros2_ws/src/distance_warning/install/distance_warning/share/distance_warning/srv/SetThreshold_Request.msg
-- Up-to-date: /home/evice2457/ros2_ws/src/distance_warning/install/distance_warning/share/distance_warning/srv/SetThreshold_Response.msg
-- Up-to-date: /home/evice2457/ros2_ws/src/distance_warning/install/distance_warning/share/distance_warning/action/CheckDistance.action
-- Up-to-date: /home/evice2457/ros2_ws/src/distance_warning/install/distance_warning/lib/distance_warning/distance_publisher
-- Up-to-date: /home/evice2457/ros2_ws/src/distance_warning/install/distance_warning/lib/distance_warning/distance_listener
-- Up-to-date: /home/evice2457/ros2_ws/src/distance_warning/install/distance_warning/lib/distance_warning/set_threshold_service
-- Up-to-date: /home/evice2457/ros2_ws/src/distance_warning/install/distance_warning/lib/distance_warning/distance_action_server
-- Up-to-date: /home/evice2457/ros2_ws/src/distance_warning/install/distance_warning/lib/distance_warning/distance_action_client
-- Up-to-date: /home/evice2457/ros2_ws/src/distance_warning/install/distance_warning/lib/distance_warning/distance_tf_broadcaster
-- Up-to-date: /home/evice2457/ros2_ws/src/distance_warning/install/distance_warning/lib/distance_warning/distance_tf_listener
-- Up-to-date: /home/evice2457/ros2_ws/src/distance_warning/install/distance_warning/lib/distance_warning/distance_publisher_qos
-- Up-to-date: /home/evice2457/ros2_ws/src/distance_warning/install/distance_warning/lib/distance_warning/distance_listener_qos
-- Up-to-date: /home/evice2457/ros2_ws/src/distance_warning/install/distance_warning/share/distance_warning/launch
-- Installing: /home/evice2457/ros2_ws/src/distance_warning/install/distance_warning/share/distance_warning/launch/install
-- Installing: /home/evice2457/ros2_ws/src/distance_warning/install/distance_warning/share/distance_warning/launch/install/local_setup.bash
-- Installing: /home/evice2457/ros2_ws/src/distance_warning/install/distance_warning/share/distance_warning/launch/install/.colcon_install_layout
-- Installing: /home/evice2457/ros2_ws/src/distance_warning/install/distance_warning/share/distance_warning/launch/install/local_setup.ps1
-- Installing: /home/evice2457/ros2_ws/src/distance_warning/install/distance_warning/share/distance_warning/launch/install/COLCON_IGNORE
-- Installing: /home/evice2457/ros2_ws/src/distance_warning/install/distance_warning/share/distance_warning/launch/install/setup.bash
-- Installing: /home/evice2457/ros2_ws/src/distance_warning/install/distance_warning/share/distance_warning/launch/install/_local_setup_util_ps1.py
-- Installing: /home/evice2457/ros2_ws/src/distance_warning/install/distance_warning/share/distance_warning/launch/install/_local_setup_util_sh.py
-- Installing: /home/evice2457/ros2_ws/src/distance_warning/install/distance_warning/share/distance_warning/launch/install/setup.zsh
-- Installing: /home/evice2457/ros2_ws/src/distance_warning/install/distance_warning/share/distance_warning/launch/install/local_setup.zsh
-- Installing: /home/evice2457/ros2_ws/src/distance_warning/install/distance_warning/share/distance_warning/launch/install/local_setup.sh
-- Installing: /home/evice2457/ros2_ws/src/distance_warning/install/distance_warning/share/distance_warning/launch/install/setup.sh
-- Installing: /home/evice2457/ros2_ws/src/distance_warning/install/distance_warning/share/distance_warning/launch/install/setup.ps1
-- Installing: /home/evice2457/ros2_ws/src/distance_warning/install/distance_warning/share/distance_warning/launch/log
-- Installing: /home/evice2457/ros2_ws/src/distance_warning/install/distance_warning/share/distance_warning/launch/log/latest
-- Installing: /home/evice2457/ros2_ws/src/distance_warning/install/distance_warning/share/distance_warning/launch/log/COLCON_IGNORE
-- Installing: /home/evice2457/ros2_ws/src/distance_warning/install/distance_warning/share/distance_warning/launch/log/build_2026-04-16_09-39-17
-- Installing: /home/evice2457/ros2_ws/src/distance_warning/install/distance_warning/share/distance_warning/launch/log/build_2026-04-16_09-39-17/logger_all.log
-- Installing: /home/evice2457/ros2_ws/src/distance_warning/install/distance_warning/share/distance_warning/launch/log/build_2026-04-16_09-39-17/events.log
-- Installing: /home/evice2457/ros2_ws/src/distance_warning/install/distance_warning/share/distance_warning/launch/log/latest_build
-- Installing: /home/evice2457/ros2_ws/src/distance_warning/install/distance_warning/share/distance_warning/launch/build
-- Installing: /home/evice2457/ros2_ws/src/distance_warning/install/distance_warning/share/distance_warning/launch/build/COLCON_IGNORE
-- Installing: /home/evice2457/ros2_ws/src/distance_warning/install/distance_warning/share/distance_warning/launch/build/.built_by
-- Installing: /home/evice2457/ros2_ws/src/distance_warning/install/distance_warning/share/distance_warning/launch/distance_warning.launch.py
-- Installing: /home/evice2457/ros2_ws/src/distance_warning/install/distance_warning/share/distance_warning/launch/distance_warning_full.launch.py
-- Up-to-date: /home/evice2457/ros2_ws/src/distance_warning/install/distance_warning/share/ament_index/resource_index/package_run_dependencies/distance_warning
-- Up-to-date: /home/evice2457/ros2_ws/src/distance_warning/install/distance_warning/share/ament_index/resource_index/parent_prefix_path/distance_warning
-- Up-to-date: /home/evice2457/ros2_ws/src/distance_warning/install/distance_warning/share/distance_warning/environment/ament_prefix_path.sh
-- Up-to-date: /home/evice2457/ros2_ws/src/distance_warning/install/distance_warning/share/distance_warning/environment/ament_prefix_path.dsv
-- Up-to-date: /home/evice2457/ros2_ws/src/distance_warning/install/distance_warning/share/distance_warning/environment/path.sh
-- Up-to-date: /home/evice2457/ros2_ws/src/distance_warning/install/distance_warning/share/distance_warning/environment/path.dsv
-- Up-to-date: /home/evice2457/ros2_ws/src/distance_warning/install/distance_warning/share/distance_warning/local_setup.bash
-- Up-to-date: /home/evice2457/ros2_ws/src/distance_warning/install/distance_warning/share/distance_warning/local_setup.sh
-- Up-to-date: /home/evice2457/ros2_ws/src/distance_warning/install/distance_warning/share/distance_warning/local_setup.zsh
-- Up-to-date: /home/evice2457/ros2_ws/src/distance_warning/install/distance_warning/share/distance_warning/local_setup.dsv
-- Up-to-date: /home/evice2457/ros2_ws/src/distance_warning/install/distance_warning/share/distance_warning/package.dsv
-- Up-to-date: /home/evice2457/ros2_ws/src/distance_warning/install/distance_warning/share/ament_index/resource_index/packages/distance_warning
-- Up-to-date: /home/evice2457/ros2_ws/src/distance_warning/install/distance_warning/share/distance_warning/cmake/export_distance_warning__rosidl_generator_cExport.cmake
-- Up-to-date: /home/evice2457/ros2_ws/src/distance_warning/install/distance_warning/share/distance_warning/cmake/export_distance_warning__rosidl_generator_cExport-noconfig.cmake
-- Up-to-date: /home/evice2457/ros2_ws/src/distance_warning/install/distance_warning/share/distance_warning/cmake/export_distance_warning__rosidl_typesupport_fastrtps_cExport.cmake
-- Up-to-date: /home/evice2457/ros2_ws/src/distance_warning/install/distance_warning/share/distance_warning/cmake/export_distance_warning__rosidl_typesupport_fastrtps_cExport-noconfig.cmake
-- Up-to-date: /home/evice2457/ros2_ws/src/distance_warning/install/distance_warning/share/distance_warning/cmake/export_distance_warning__rosidl_generator_cppExport.cmake
-- Up-to-date: /home/evice2457/ros2_ws/src/distance_warning/install/distance_warning/share/distance_warning/cmake/export_distance_warning__rosidl_typesupport_fastrtps_cppExport.cmake
-- Up-to-date: /home/evice2457/ros2_ws/src/distance_warning/install/distance_warning/share/distance_warning/cmake/export_distance_warning__rosidl_typesupport_fastrtps_cppExport-noconfig.cmake
-- Up-to-date: /home/evice2457/ros2_ws/src/distance_warning/install/distance_warning/share/distance_warning/cmake/distance_warning__rosidl_typesupport_introspection_cExport.cmake
-- Up-to-date: /home/evice2457/ros2_ws/src/distance_warning/install/distance_warning/share/distance_warning/cmake/distance_warning__rosidl_typesupport_introspection_cExport-noconfig.cmake
-- Up-to-date: /home/evice2457/ros2_ws/src/distance_warning/install/distance_warning/share/distance_warning/cmake/distance_warning__rosidl_typesupport_cExport.cmake
-- Up-to-date: /home/evice2457/ros2_ws/src/distance_warning/install/distance_warning/share/distance_warning/cmake/distance_warning__rosidl_typesupport_cExport-noconfig.cmake
-- Up-to-date: /home/evice2457/ros2_ws/src/distance_warning/install/distance_warning/share/distance_warning/cmake/distance_warning__rosidl_typesupport_introspection_cppExport.cmake
-- Up-to-date: /home/evice2457/ros2_ws/src/distance_warning/install/distance_warning/share/distance_warning/cmake/distance_warning__rosidl_typesupport_introspection_cppExport-noconfig.cmake
-- Up-to-date: /home/evice2457/ros2_ws/src/distance_warning/install/distance_warning/share/distance_warning/cmake/distance_warning__rosidl_typesupport_cppExport.cmake
-- Up-to-date: /home/evice2457/ros2_ws/src/distance_warning/install/distance_warning/share/distance_warning/cmake/distance_warning__rosidl_typesupport_cppExport-noconfig.cmake
-- Up-to-date: /home/evice2457/ros2_ws/src/distance_warning/install/distance_warning/share/distance_warning/cmake/export_distance_warning__rosidl_generator_pyExport.cmake
-- Up-to-date: /home/evice2457/ros2_ws/src/distance_warning/install/distance_warning/share/distance_warning/cmake/export_distance_warning__rosidl_generator_pyExport-noconfig.cmake
-- Up-to-date: /home/evice2457/ros2_ws/src/distance_warning/install/distance_warning/share/distance_warning/cmake/rosidl_cmake-extras.cmake
-- Up-to-date: /home/evice2457/ros2_ws/src/distance_warning/install/distance_warning/share/distance_warning/cmake/ament_cmake_export_dependencies-extras.cmake
-- Up-to-date: /home/evice2457/ros2_ws/src/distance_warning/install/distance_warning/share/distance_warning/cmake/ament_cmake_export_include_directories-extras.cmake
-- Up-to-date: /home/evice2457/ros2_ws/src/distance_warning/install/distance_warning/share/distance_warning/cmake/ament_cmake_export_libraries-extras.cmake
-- Up-to-date: /home/evice2457/ros2_ws/src/distance_warning/install/distance_warning/share/distance_warning/cmake/ament_cmake_export_targets-extras.cmake
-- Up-to-date: /home/evice2457/ros2_ws/src/distance_warning/install/distance_warning/share/distance_warning/cmake/rosidl_cmake_export_typesupport_targets-extras.cmake
-- Up-to-date: /home/evice2457/ros2_ws/src/distance_warning/install/distance_warning/share/distance_warning/cmake/rosidl_cmake_export_typesupport_libraries-extras.cmake
-- Up-to-date: /home/evice2457/ros2_ws/src/distance_warning/install/distance_warning/share/distance_warning/cmake/distance_warningConfig.cmake
-- Up-to-date: /home/evice2457/ros2_ws/src/distance_warning/install/distance_warning/share/distance_warning/cmake/distance_warningConfig-version.cmake
-- Up-to-date: /home/evice2457/ros2_ws/src/distance_warning/install/distance_warning/share/distance_warning/package.xml
